2015-04-29 09:27:48 CEST FATAL:  el sistema de base de datos está iniciándose
2015-04-29 09:27:48 CEST LOG:  el sistema de bases de datos fue interrumpido; última vez en funcionamiento en 2015-04-28 12:21:30 CEST
2015-04-29 09:27:49 CEST LOG:  el sistema de bases de datos no fue apagado apropiadamente; se está efectuando la recuperación automática
2015-04-29 09:27:50 CEST FATAL:  el sistema de base de datos está iniciándose
2015-04-29 09:27:50 CEST LOG:  record with zero length at 0/2788AF0
2015-04-29 09:27:50 CEST LOG:  no se requiere redo
2015-04-29 09:27:54 CEST LOG:  el sistema de bases de datos está listo para aceptar conexiones
2015-04-29 09:27:54 CEST LOG:  lanzador de autovacuum iniciado
2015-04-29 09:27:55 CEST FATAL:  el sistema de base de datos está iniciándose
2015-04-29 09:27:56 CEST FATAL:  no hay una línea en pg_hba.conf para «::1», usuario «PORTATIL_JA$», base de datos «postgres», SSL inactivo
2015-04-29 10:02:19 CEST LOG:  no se pudo recibir datos del cliente: unrecognized winsock error 10061
2015-04-29 10:05:19 CEST LOG:  no se pudo recibir datos del cliente: unrecognized winsock error 10061
2015-04-29 10:06:21 CEST LOG:  no se pudo recibir datos del cliente: unrecognized winsock error 10061
2015-04-29 10:30:11 CEST LOG:  no se pudo recibir datos del cliente: unrecognized winsock error 10061
2015-04-29 10:33:48 CEST LOG:  no se pudo recibir datos del cliente: unrecognized winsock error 10061
2015-04-29 10:37:00 CEST LOG:  no se pudo recibir datos del cliente: unrecognized winsock error 10061
2015-04-29 10:42:47 CEST LOG:  no se pudo recibir datos del cliente: unrecognized winsock error 10061
2015-04-29 10:42:47 CEST LOG:  no se pudo recibir datos del cliente: unrecognized winsock error 10061
2015-04-29 10:42:47 CEST LOG:  no se pudo recibir datos del cliente: unrecognized winsock error 10061
2015-04-29 10:42:47 CEST LOG:  no se pudo recibir datos del cliente: unrecognized winsock error 10061
2015-04-29 10:42:47 CEST LOG:  no se pudo recibir datos del cliente: unrecognized winsock error 10061
2015-04-29 10:42:47 CEST LOG:  no se pudo recibir datos del cliente: unrecognized winsock error 10061
2015-04-29 10:42:47 CEST LOG:  no se pudo recibir datos del cliente: unrecognized winsock error 10061
2015-04-29 10:42:47 CEST LOG:  no se pudo recibir datos del cliente: unrecognized winsock error 10061
2015-04-29 10:45:47 CEST LOG:  no se pudo recibir datos del cliente: unrecognized winsock error 10061
2015-04-29 10:46:02 CEST LOG:  no se pudo recibir datos del cliente: unrecognized winsock error 10061
2015-04-29 10:49:48 CEST LOG:  no se pudo recibir datos del cliente: unrecognized winsock error 10061
2015-04-29 10:49:48 CEST LOG:  no se pudo recibir datos del cliente: unrecognized winsock error 10061
2015-04-29 10:52:41 CEST LOG:  no se pudo recibir datos del cliente: unrecognized winsock error 10061
2015-04-29 10:52:41 CEST LOG:  no se pudo recibir datos del cliente: unrecognized winsock error 10061
2015-04-29 10:52:41 CEST LOG:  no se pudo recibir datos del cliente: unrecognized winsock error 10061
2015-04-29 10:52:41 CEST LOG:  no se pudo recibir datos del cliente: unrecognized winsock error 10061
2015-04-29 11:03:36 CEST LOG:  proceso escritor de WAL (PID 2944) fue terminado por una excepción 0xC0000142
2015-04-29 11:03:36 CEST HINT:  Vea el archivo «ntstatus.h» para una descripción del valor hexadecimal.
2015-04-29 11:03:36 CEST LOG:  terminando todos los otros procesos de servidor activos
2015-04-29 11:03:37 CEST LOG:  se recibió petición de apagado rápido
2015-04-29 11:03:37 CEST WARNING:  terminando la conexión debido a una falla en otro proceso servidor
2015-04-29 11:03:37 CEST DETALLE:  Postmaster ha ordenado que este proceso servidor cancele la transacción en curso y finalice la conexión, porque otro proceso servidor ha terminado anormalmente y podría haber corrompido la memoria compartida.
2015-04-29 11:03:37 CEST HINT:  Dentro de un momento debería poder reconectarse y repetir la consulta.
2015-04-29 11:03:38 CEST LOG:  abortando transacciones activas
2015-04-29 11:03:39 CEST LOG:  apagado anormal del sistema de bases de datos
