2015-03-25 19:53:59 CET LOG:  el sistema de bases de datos fue interrumpido; última vez en funcionamiento en 2015-03-25 16:10:24 CET
2015-03-25 19:53:59 CET LOG:  el sistema de bases de datos no fue apagado apropiadamente; se está efectuando la recuperación automática
2015-03-25 19:53:59 CET LOG:  record with zero length at 0/1993258
2015-03-25 19:53:59 CET LOG:  no se requiere redo
2015-03-25 19:53:59 CET FATAL:  el sistema de base de datos está iniciándose
2015-03-25 19:53:59 CET LOG:  el sistema de bases de datos está listo para aceptar conexiones
2015-03-25 19:53:59 CET LOG:  lanzador de autovacuum iniciado
2015-03-25 19:54:00 CET FATAL:  no hay una línea en pg_hba.conf para «::1», usuario «PORTATIL_JA$», base de datos «postgres», SSL inactivo
2015-03-25 20:05:53 CET LOG:  no se pudo recibir datos del cliente: unrecognized winsock error 10061
2015-03-25 20:05:53 CET LOG:  no se pudo recibir datos del cliente: unrecognized winsock error 10061
2015-03-25 20:05:53 CET LOG:  no se pudo recibir datos del cliente: unrecognized winsock error 10061
2015-03-25 20:05:53 CET LOG:  no se pudo recibir datos del cliente: unrecognized winsock error 10061
2015-03-25 20:08:50 CET LOG:  no se pudo recibir datos del cliente: unrecognized winsock error 10061
2015-03-25 20:08:50 CET LOG:  no se pudo recibir datos del cliente: unrecognized winsock error 10061
2015-03-25 20:10:29 CET LOG:  no se pudo recibir datos del cliente: unrecognized winsock error 10061
2015-03-25 20:10:29 CET LOG:  no se pudo recibir datos del cliente: unrecognized winsock error 10061
2015-03-25 20:10:29 CET LOG:  no se pudo recibir datos del cliente: unrecognized winsock error 10061
2015-03-25 20:12:08 CET LOG:  no se pudo recibir datos del cliente: unrecognized winsock error 10061
2015-03-25 20:12:08 CET LOG:  no se pudo recibir datos del cliente: unrecognized winsock error 10061
2015-03-25 20:14:02 CET LOG:  no se pudo recibir datos del cliente: unrecognized winsock error 10061
2015-03-25 20:17:32 CET LOG:  el paquete de inicio está incompleto
2015-03-25 20:17:40 CET LOG:  no se pudo recibir datos del cliente: unrecognized winsock error 10061
2015-03-25 20:17:40 CET LOG:  no se pudo recibir datos del cliente: unrecognized winsock error 10061
2015-03-25 20:48:40 CET LOG:  el paquete de inicio está incompleto
2015-03-25 20:54:38 CET LOG:  no se pudo recibir datos del cliente: unrecognized winsock error 10061
2015-03-25 20:54:38 CET LOG:  no se pudo recibir datos del cliente: unrecognized winsock error 10061
2015-03-25 20:54:38 CET LOG:  no se pudo recibir datos del cliente: unrecognized winsock error 10061
2015-03-25 20:56:35 CET LOG:  se recibió petición de apagado rápido
2015-03-25 20:56:35 CET ERROR:  cancelando la sentencia debido a una petición del usuario
2015-03-25 20:56:36 CET LOG:  abortando transacciones activas
2015-03-25 20:56:36 CET ERROR:  cancelando la sentencia debido a una petición del usuario
2015-03-25 20:56:37 CET LOG:  apagando lanzador de autovacuum
2015-03-25 20:56:38 CET LOG:  proceso escritor de WAL (PID 2416) fue terminado por una excepción 0xC0000142
2015-03-25 20:56:38 CET HINT:  Vea el archivo «ntstatus.h» para una descripción del valor hexadecimal.
2015-03-25 20:56:38 CET LOG:  terminando todos los otros procesos de servidor activos
2015-03-25 20:56:40 CET LOG:  apagado anormal del sistema de bases de datos
