2015-04-17 10:06:14 CEST LOG:  el sistema de bases de datos fue interrumpido; última vez en funcionamiento en 2015-04-16 21:27:46 CEST
2015-04-17 10:06:14 CEST FATAL:  el sistema de base de datos está iniciándose
2015-04-17 10:06:14 CEST LOG:  el sistema de bases de datos no fue apagado apropiadamente; se está efectuando la recuperación automática
2015-04-17 10:06:14 CEST LOG:  record with zero length at 0/2186BB8
2015-04-17 10:06:14 CEST LOG:  no se requiere redo
2015-04-17 10:06:15 CEST FATAL:  el sistema de base de datos está iniciándose
2015-04-17 10:06:16 CEST LOG:  el sistema de bases de datos está listo para aceptar conexiones
2015-04-17 10:06:16 CEST LOG:  lanzador de autovacuum iniciado
2015-04-17 10:06:16 CEST FATAL:  no hay una línea en pg_hba.conf para «::1», usuario «PORTATIL_JA$», base de datos «postgres», SSL inactivo
2015-04-17 11:06:55 CEST LOG:  no se pudo recibir datos del cliente: unrecognized winsock error 10061
2015-04-17 11:09:41 CEST LOG:  no se pudo recibir datos del cliente: unrecognized winsock error 10061
2015-04-17 11:09:59 CEST LOG:  no se pudo recibir datos del cliente: unrecognized winsock error 10061
2015-04-17 11:10:39 CEST LOG:  no se pudo recibir datos del cliente: unrecognized winsock error 10061
2015-04-17 11:10:39 CEST LOG:  no se pudo recibir datos del cliente: unrecognized winsock error 10061
2015-04-17 11:13:52 CEST LOG:  no se pudo recibir datos del cliente: unrecognized winsock error 10061
2015-04-17 11:14:38 CEST LOG:  no se pudo recibir datos del cliente: unrecognized winsock error 10061
2015-04-17 11:14:57 CEST LOG:  no se pudo recibir datos del cliente: unrecognized winsock error 10061
2015-04-17 11:19:28 CEST LOG:  no se pudo recibir datos del cliente: unrecognized winsock error 10061
2015-04-17 11:33:28 CEST LOG:  no se pudo recibir datos del cliente: unrecognized winsock error 10061
2015-04-17 11:33:46 CEST LOG:  no se pudo recibir datos del cliente: unrecognized winsock error 10061
2015-04-17 11:35:54 CEST LOG:  no se pudo recibir datos del cliente: unrecognized winsock error 10061
2015-04-17 11:35:54 CEST LOG:  no se pudo recibir datos del cliente: unrecognized winsock error 10061
2015-04-17 11:38:20 CEST LOG:  no se pudo recibir datos del cliente: unrecognized winsock error 10061
2015-04-17 12:31:54 CEST LOG:  no se pudo recibir datos del cliente: unrecognized winsock error 10061
2015-04-17 12:32:50 CEST LOG:  no se pudo recibir datos del cliente: unrecognized winsock error 10061
2015-04-17 12:33:47 CEST LOG:  no se pudo recibir datos del cliente: unrecognized winsock error 10061
2015-04-17 12:33:47 CEST LOG:  no se pudo recibir datos del cliente: unrecognized winsock error 10061
2015-04-17 12:35:54 CEST LOG:  no se pudo recibir datos del cliente: unrecognized winsock error 10061
2015-04-17 12:37:26 CEST LOG:  no se pudo recibir datos del cliente: unrecognized winsock error 10061
2015-04-17 12:37:26 CEST LOG:  no se pudo recibir datos del cliente: unrecognized winsock error 10061
2015-04-17 12:37:26 CEST LOG:  no se pudo recibir datos del cliente: unrecognized winsock error 10061
2015-04-17 12:37:26 CEST LOG:  no se pudo recibir datos del cliente: unrecognized winsock error 10061
2015-04-17 12:37:26 CEST LOG:  no se pudo recibir datos del cliente: unrecognized winsock error 10061
2015-04-17 12:37:37 CEST LOG:  no se pudo recibir datos del cliente: unrecognized winsock error 10061
2015-04-17 13:06:06 CEST LOG:  no se pudo recibir datos del cliente: unrecognized winsock error 10061
2015-04-17 13:07:34 CEST LOG:  no se pudo recibir datos del cliente: unrecognized winsock error 10061
2015-04-17 13:07:47 CEST LOG:  no se pudo recibir datos del cliente: unrecognized winsock error 10061
2015-04-17 13:08:40 CEST LOG:  no se pudo recibir datos del cliente: unrecognized winsock error 10061
2015-04-17 13:08:40 CEST LOG:  no se pudo recibir datos del cliente: unrecognized winsock error 10061
2015-04-17 13:09:47 CEST LOG:  no se pudo recibir datos del cliente: unrecognized winsock error 10061
2015-04-17 13:09:47 CEST LOG:  no se pudo recibir datos del cliente: unrecognized winsock error 10061
2015-04-17 13:09:47 CEST LOG:  no se pudo recibir datos del cliente: unrecognized winsock error 10061
2015-04-17 13:09:47 CEST LOG:  no se pudo recibir datos del cliente: unrecognized winsock error 10061
2015-04-17 13:10:07 CEST LOG:  no se pudo recibir datos del cliente: unrecognized winsock error 10061
2015-04-17 13:10:49 CEST LOG:  no se pudo recibir datos del cliente: unrecognized winsock error 10061
2015-04-17 13:36:15 CEST LOG:  no se pudo recibir datos del cliente: unrecognized winsock error 10061
2015-04-17 13:38:16 CEST LOG:  no se pudo recibir datos del cliente: unrecognized winsock error 10061
2015-04-17 13:39:05 CEST LOG:  no se pudo recibir datos del cliente: unrecognized winsock error 10061
2015-04-17 13:40:22 CEST LOG:  no se pudo recibir datos del cliente: unrecognized winsock error 10061
2015-04-17 13:50:00 CEST LOG:  no se pudo recibir datos del cliente: unrecognized winsock error 10061
2015-04-17 13:51:41 CEST LOG:  no se pudo recibir datos del cliente: unrecognized winsock error 10061
2015-04-17 13:51:41 CEST LOG:  no se pudo recibir datos del cliente: unrecognized winsock error 10061
2015-04-17 13:56:28 CEST LOG:  se recibió petición de apagado rápido
2015-04-17 13:56:28 CEST LOG:  abortando transacciones activas
2015-04-17 13:56:28 CEST LOG:  apagando lanzador de autovacuum
2015-04-17 13:56:29 CEST ERROR:  cancelando la sentencia debido a una petición del usuario
2015-04-17 13:56:30 CEST LOG:  apagando lanzador de autovacuum
2015-04-17 13:56:30 CEST LOG:  proceso escritor de WAL (PID 5760) fue terminado por una excepción 0xC0000142
2015-04-17 13:56:30 CEST HINT:  Vea el archivo «ntstatus.h» para una descripción del valor hexadecimal.
2015-04-17 13:56:30 CEST LOG:  terminando todos los otros procesos de servidor activos
2015-04-17 13:56:31 CEST LOG:  apagado anormal del sistema de bases de datos
