2015-04-07 21:03:02 CEST LOG:  el sistema de bases de datos fue interrumpido; última vez en funcionamiento en 2015-04-07 13:08:29 CEST
2015-04-07 21:03:02 CEST FATAL:  el sistema de base de datos está iniciándose
2015-04-07 21:03:02 CEST LOG:  no se pudo recibir datos del cliente: unrecognized winsock error 10061
2015-04-07 21:03:02 CEST LOG:  el sistema de bases de datos no fue apagado apropiadamente; se está efectuando la recuperación automática
2015-04-07 21:03:02 CEST LOG:  record with zero length at 0/1B55230
2015-04-07 21:03:02 CEST LOG:  no se requiere redo
2015-04-07 21:03:02 CEST LOG:  el sistema de bases de datos está listo para aceptar conexiones
2015-04-07 21:03:02 CEST LOG:  lanzador de autovacuum iniciado
2015-04-07 21:03:03 CEST FATAL:  no hay una línea en pg_hba.conf para «::1», usuario «PORTATIL_JA$», base de datos «postgres», SSL inactivo
2015-04-07 21:13:44 CEST LOG:  no se pudo recibir datos del cliente: unrecognized winsock error 10061
2015-04-07 21:13:44 CEST LOG:  no se pudo recibir datos del cliente: unrecognized winsock error 10061
2015-04-07 21:55:36 CEST LOG:  proceso escritor de WAL (PID 4692) fue terminado por una excepción 0xC0000142
2015-04-07 21:55:36 CEST HINT:  Vea el archivo «ntstatus.h» para una descripción del valor hexadecimal.
2015-04-07 21:55:37 CEST LOG:  terminando todos los otros procesos de servidor activos
2015-04-07 21:55:37 CEST LOG:  se recibió petición de apagado rápido
2015-04-07 21:55:37 CEST WARNING:  terminando la conexión debido a una falla en otro proceso servidor
2015-04-07 21:55:37 CEST DETALLE:  Postmaster ha ordenado que este proceso servidor cancele la transacción en curso y finalice la conexión, porque otro proceso servidor ha terminado anormalmente y podría haber corrompido la memoria compartida.
2015-04-07 21:55:37 CEST HINT:  Dentro de un momento debería poder reconectarse y repetir la consulta.
2015-04-07 21:55:37 CEST LOG:  abortando transacciones activas
2015-04-07 21:55:38 CEST LOG:  apagado anormal del sistema de bases de datos
