2015-01-07 10:46:05 CET LOG:  el sistema de bases de datos fue apagado en 2015-01-07 10:16:56 CET
2015-01-07 10:46:05 CET LOG:  no se pudo recibir datos del cliente: unrecognized winsock error 10061
2015-01-07 10:46:05 CET FATAL:  el sistema de base de datos está iniciándose
2015-01-07 10:46:05 CET LOG:  el sistema de bases de datos está listo para aceptar conexiones
2015-01-07 10:46:05 CET LOG:  lanzador de autovacuum iniciado
2015-01-07 11:10:13 CET LOG:  no se pudo recibir datos del cliente: unrecognized winsock error 10061
2015-01-07 11:14:11 CET LOG:  no se pudo recibir datos del cliente: unrecognized winsock error 10061
2015-01-07 11:41:29 CET LOG:  no se pudo recibir datos del cliente: unrecognized winsock error 10061
2015-01-07 11:49:30 CET LOG:  no se pudo recibir datos del cliente: unrecognized winsock error 10061
2015-01-07 13:36:21 CET LOG:  no se pudo recibir datos del cliente: unrecognized winsock error 10061
2015-01-07 13:50:35 CET LOG:  no se pudo recibir datos del cliente: unrecognized winsock error 10061
2015-01-07 13:54:40 CET LOG:  se recibió petición de apagado rápido
2015-01-07 13:54:41 CET LOG:  abortando transacciones activas
2015-01-07 13:54:41 CET LOG:  apagando lanzador de autovacuum
2015-01-07 13:54:41 CET ERROR:  cancelando la sentencia debido a una petición del usuario
2015-01-07 13:54:41 CET LOG:  proceso escritor de WAL (PID 2812) fue terminado por una excepción 0xC0000142
2015-01-07 13:54:41 CET HINT:  Vea el archivo «ntstatus.h» para una descripción del valor hexadecimal.
2015-01-07 13:54:42 CET LOG:  terminando todos los otros procesos de servidor activos
2015-01-07 13:54:42 CET WARNING:  terminando la conexión debido a una falla en otro proceso servidor
2015-01-07 13:54:42 CET DETALLE:  Postmaster ha ordenado que este proceso servidor cancele la transacción en curso y finalice la conexión, porque otro proceso servidor ha terminado anormalmente y podría haber corrompido la memoria compartida.
2015-01-07 13:54:42 CET HINT:  Dentro de un momento debería poder reconectarse y repetir la consulta.
2015-01-07 13:54:42 CET LOG:  apagado anormal del sistema de bases de datos
