2015-04-16 19:57:46 CEST LOG:  el sistema de bases de datos fue interrumpido; última vez en funcionamiento en 2015-04-16 13:21:57 CEST
2015-04-16 19:57:46 CEST LOG:  el sistema de bases de datos no fue apagado apropiadamente; se está efectuando la recuperación automática
2015-04-16 19:57:46 CEST FATAL:  el sistema de base de datos está iniciándose
2015-04-16 19:57:46 CEST LOG:  record with zero length at 0/2162FA8
2015-04-16 19:57:46 CEST LOG:  no se requiere redo
2015-04-16 19:57:46 CEST LOG:  el sistema de bases de datos está listo para aceptar conexiones
2015-04-16 19:57:46 CEST LOG:  lanzador de autovacuum iniciado
2015-04-16 19:57:47 CEST FATAL:  no hay una línea en pg_hba.conf para «::1», usuario «PORTATIL_JA$», base de datos «postgres», SSL inactivo
2015-04-16 20:22:21 CEST LOG:  no se pudo recibir datos del cliente: unrecognized winsock error 10061
2015-04-16 20:28:33 CEST LOG:  no se pudo recibir datos del cliente: unrecognized winsock error 10061
2015-04-16 20:29:15 CEST LOG:  no se pudo recibir datos del cliente: unrecognized winsock error 10061
2015-04-16 20:37:16 CEST LOG:  no se pudo recibir datos del cliente: unrecognized winsock error 10061
2015-04-16 20:47:26 CEST LOG:  no se pudo recibir datos del cliente: unrecognized winsock error 10061
2015-04-16 20:48:50 CEST LOG:  no se pudo recibir datos del cliente: unrecognized winsock error 10061
2015-04-16 20:48:50 CEST LOG:  no se pudo recibir datos del cliente: unrecognized winsock error 10061
2015-04-16 20:53:14 CEST LOG:  no se pudo recibir datos del cliente: unrecognized winsock error 10061
2015-04-16 20:53:14 CEST LOG:  no se pudo recibir datos del cliente: unrecognized winsock error 10061
2015-04-16 20:54:36 CEST LOG:  no se pudo recibir datos del cliente: unrecognized winsock error 10061
2015-04-16 20:55:07 CEST LOG:  no se pudo recibir datos del cliente: unrecognized winsock error 10061
2015-04-16 20:55:07 CEST LOG:  no se pudo recibir datos del cliente: unrecognized winsock error 10061
2015-04-16 20:56:52 CEST LOG:  no se pudo recibir datos del cliente: unrecognized winsock error 10061
2015-04-16 20:58:42 CEST LOG:  no se pudo recibir datos del cliente: unrecognized winsock error 10061
2015-04-16 21:04:09 CEST LOG:  no se pudo recibir datos del cliente: unrecognized winsock error 10061
2015-04-16 21:04:29 CEST LOG:  no se pudo recibir datos del cliente: unrecognized winsock error 10061
2015-04-16 21:04:29 CEST LOG:  no se pudo recibir datos del cliente: unrecognized winsock error 10061
2015-04-16 21:06:05 CEST LOG:  no se pudo recibir datos del cliente: unrecognized winsock error 10061
2015-04-16 21:06:05 CEST LOG:  no se pudo recibir datos del cliente: unrecognized winsock error 10061
2015-04-16 21:06:05 CEST LOG:  no se pudo recibir datos del cliente: unrecognized winsock error 10061
2015-04-16 21:09:07 CEST LOG:  no se pudo recibir datos del cliente: unrecognized winsock error 10061
2015-04-16 21:12:47 CEST LOG:  no se pudo recibir datos del cliente: unrecognized winsock error 10061
2015-04-16 21:12:47 CEST LOG:  no se pudo recibir datos del cliente: unrecognized winsock error 10061
2015-04-16 21:22:53 CEST LOG:  no se pudo recibir datos del cliente: unrecognized winsock error 10061
2015-04-16 21:22:53 CEST LOG:  no se pudo recibir datos del cliente: unrecognized winsock error 10061
2015-04-16 21:24:52 CEST LOG:  no se pudo recibir datos del cliente: unrecognized winsock error 10061
2015-04-16 21:29:48 CEST LOG:  no se pudo recibir datos del cliente: unrecognized winsock error 10061
2015-04-16 21:34:03 CEST LOG:  no se pudo recibir datos del cliente: unrecognized winsock error 10061
2015-04-16 21:37:34 CEST LOG:  no se pudo recibir datos del cliente: unrecognized winsock error 10061
2015-04-16 21:45:35 CEST LOG:  no se pudo recibir datos del cliente: unrecognized winsock error 10061
2015-04-16 21:50:28 CEST LOG:  no se pudo recibir datos del cliente: unrecognized winsock error 10061
2015-04-16 21:51:28 CEST LOG:  no se pudo recibir datos del cliente: unrecognized winsock error 10061
2015-04-16 22:02:43 CEST LOG:  se recibió petición de apagado rápido
2015-04-16 22:02:43 CEST LOG:  abortando transacciones activas
2015-04-16 22:02:44 CEST LOG:  apagando lanzador de autovacuum
2015-04-16 22:02:44 CEST ERROR:  cancelando la sentencia debido a una petición del usuario
2015-04-16 22:02:46 CEST LOG:  proceso escritor de WAL (PID 4656) fue terminado por una excepción 0xC0000142
2015-04-16 22:02:46 CEST HINT:  Vea el archivo «ntstatus.h» para una descripción del valor hexadecimal.
2015-04-16 22:02:46 CEST LOG:  terminando todos los otros procesos de servidor activos
2015-04-16 22:02:46 CEST WARNING:  terminando la conexión debido a una falla en otro proceso servidor
2015-04-16 22:02:46 CEST DETALLE:  Postmaster ha ordenado que este proceso servidor cancele la transacción en curso y finalice la conexión, porque otro proceso servidor ha terminado anormalmente y podría haber corrompido la memoria compartida.
2015-04-16 22:02:46 CEST HINT:  Dentro de un momento debería poder reconectarse y repetir la consulta.
2015-04-16 22:02:47 CEST LOG:  apagado anormal del sistema de bases de datos
