2015-01-21 19:45:25 CET LOG:  el sistema de bases de datos fue interrumpido; última vez en funcionamiento en 2015-01-21 16:41:20 CET
2015-01-21 19:45:25 CET LOG:  no se pudo recibir datos del cliente: unrecognized winsock error 10061
2015-01-21 19:45:25 CET LOG:  el sistema de bases de datos no fue apagado apropiadamente; se está efectuando la recuperación automática
2015-01-21 19:45:25 CET FATAL:  el sistema de base de datos está iniciándose
2015-01-21 19:45:26 CET LOG:  record with zero length at 0/197BBD8
2015-01-21 19:45:26 CET LOG:  no se requiere redo
2015-01-21 19:45:26 CET FATAL:  el sistema de base de datos está iniciándose
2015-01-21 19:45:26 CET LOG:  el sistema de bases de datos está listo para aceptar conexiones
2015-01-21 19:45:27 CET LOG:  lanzador de autovacuum iniciado
2015-01-21 20:11:35 CET LOG:  no se pudo recibir datos del cliente: unrecognized winsock error 10061
2015-01-21 20:11:35 CET LOG:  no se pudo recibir datos del cliente: unrecognized winsock error 10061
2015-01-21 21:18:13 CET LOG:  no se pudo recibir datos del cliente: unrecognized winsock error 10061
2015-01-21 21:40:36 CET LOG:  no se pudo recibir datos del cliente: unrecognized winsock error 10061
2015-01-21 21:42:22 CET LOG:  no se pudo recibir datos del cliente: unrecognized winsock error 10061
2015-01-21 21:49:21 CET LOG:  se recibió petición de apagado rápido
2015-01-21 21:49:21 CET LOG:  abortando transacciones activas
2015-01-21 21:49:21 CET LOG:  apagando lanzador de autovacuum
2015-01-21 21:49:21 CET ERROR:  cancelando la sentencia debido a una petición del usuario
2015-01-21 21:49:22 CET ERROR:  cancelando la sentencia debido a una petición del usuario
2015-01-21 21:49:23 CET LOG:  apagando lanzador de autovacuum
2015-01-21 21:49:26 CET LOG:  proceso escritor de WAL (PID 4412) fue terminado por una excepción 0xC0000142
2015-01-21 21:49:26 CET HINT:  Vea el archivo «ntstatus.h» para una descripción del valor hexadecimal.
2015-01-21 21:49:26 CET LOG:  terminando todos los otros procesos de servidor activos
2015-01-21 21:49:26 CET LOG:  apagado anormal del sistema de bases de datos
