2015-05-22 09:24:31 CEST LOG:  el sistema de bases de datos fue apagado en 2015-05-21 21:55:33 CEST
2015-05-22 09:24:31 CEST FATAL:  el sistema de base de datos está iniciándose
2015-05-22 09:24:32 CEST FATAL:  el sistema de base de datos está iniciándose
2015-05-22 09:24:33 CEST FATAL:  el sistema de base de datos está iniciándose
2015-05-22 09:24:35 CEST FATAL:  el sistema de base de datos está iniciándose
2015-05-22 09:24:36 CEST FATAL:  el sistema de base de datos está iniciándose
2015-05-22 09:24:37 CEST LOG:  el sistema de bases de datos está listo para aceptar conexiones
2015-05-22 09:24:37 CEST LOG:  lanzador de autovacuum iniciado
2015-05-22 09:24:38 CEST FATAL:  no hay una línea en pg_hba.conf para «::1», usuario «PORTATIL_JA$», base de datos «postgres», SSL inactivo
2015-05-22 13:19:50 CEST ERROR:  cancelando la sentencia debido a una petición del usuario
2015-05-22 13:19:52 CEST ERROR:  cancelando la sentencia debido a una petición del usuario
2015-05-22 13:19:53 CEST ERROR:  cancelando la sentencia debido a una petición del usuario
2015-05-22 13:19:53 CEST ERROR:  cancelando la sentencia debido a una petición del usuario
2015-05-22 13:19:53 CEST ERROR:  cancelando la sentencia debido a una petición del usuario
2015-05-22 13:19:53 CEST ERROR:  cancelando la sentencia debido a una petición del usuario
2015-05-22 13:19:59 CEST LOG:  se recibió petición de apagado rápido
2015-05-22 13:20:03 CEST LOG:  abortando transacciones activas
2015-05-22 13:20:06 CEST LOG:  apagando lanzador de autovacuum
2015-05-22 13:20:12 CEST LOG:  apagando
2015-05-22 13:20:16 CEST LOG:  el sistema de bases de datos está apagado
