2015-01-15 09:25:52 CET LOG:  el sistema de bases de datos fue interrumpido; ˙ltima vez en funcionamiento en 2015-01-14 17:04:05 CET
2015-01-15 09:25:52 CET LOG:  el sistema de bases de datos no fue apagado apropiadamente; se est· efectuando la recuperaciÛn autom·tica
2015-01-15 09:25:52 CET LOG:  record with zero length at 0/185CB60
2015-01-15 09:25:52 CET LOG:  no se requiere redo
2015-01-15 09:25:52 CET LOG:  el sistema de bases de datos est· listo para aceptar conexiones
2015-01-15 09:25:53 CET LOG:  lanzador de autovacuum iniciado
2015-01-15 09:49:27 CET ERROR:  el valor es demasiado largo para el tipo character(1)
2015-01-15 09:49:27 CET CONTEXTO:  COPY registros, l√≠nea 1, columna delegacion: ¬´"delegacion"¬ª
2015-01-15 09:49:27 CET SENTENCIA:  COPY public.registros FROM STDIN (FORMAT 'text', DELIMITER ';', ENCODING 'UTF8')
2015-01-15 09:51:12 CET ERROR:  el valor es demasiado largo para el tipo character(100)
2015-01-15 09:51:12 CET CONTEXTO:  COPY registros, l√≠nea 2, columna ruta_pdf: ¬´                                                                                                    ...¬ª
2015-01-15 09:51:12 CET SENTENCIA:  COPY public.registros FROM STDIN (FORMAT 'csv', DELIMITER ';', HEADER, ENCODING 'UTF8')
2015-01-15 09:54:57 CET ERROR:  el valor es demasiado largo para el tipo character(100)
2015-01-15 09:54:57 CET CONTEXTO:  COPY registros, l√≠nea 2, columna ruta_pdf: ¬´                                                                                                    ...¬ª
2015-01-15 09:54:57 CET SENTENCIA:  COPY public.registros FROM STDIN (FORMAT 'csv', DELIMITER ';', HEADER, ENCODING 'UTF8')
2015-01-15 10:29:12 CET LOG:  no se pudo recibir datos del cliente: unrecognized winsock error 10061
2015-01-15 10:30:36 CET LOG:  no se pudo recibir datos del cliente: unrecognized winsock error 10061
2015-01-15 10:30:36 CET LOG:  no se pudo recibir datos del cliente: unrecognized winsock error 10061
2015-01-15 10:34:47 CET LOG:  no se pudo recibir datos del cliente: unrecognized winsock error 10061
2015-01-15 10:34:47 CET LOG:  no se pudo recibir datos del cliente: unrecognized winsock error 10061
2015-01-15 10:37:34 CET LOG:  no se pudo recibir datos del cliente: unrecognized winsock error 10061
2015-01-15 10:44:01 CET LOG:  no se pudo recibir datos del cliente: unrecognized winsock error 10061
2015-01-15 10:46:39 CET LOG:  no se pudo recibir datos del cliente: unrecognized winsock error 10061
2015-01-15 10:50:50 CET LOG:  no se pudo recibir datos del cliente: unrecognized winsock error 10061
2015-01-15 10:53:55 CET LOG:  no se pudo recibir datos del cliente: unrecognized winsock error 10061
2015-01-15 10:53:55 CET LOG:  no se pudo recibir datos del cliente: unrecognized winsock error 10061
2015-01-15 10:54:41 CET LOG:  no se pudo recibir datos del cliente: unrecognized winsock error 10061
2015-01-15 11:02:57 CET LOG:  no se pudo recibir datos del cliente: unrecognized winsock error 10061
2015-01-15 11:05:10 CET LOG:  no se pudo recibir datos del cliente: unrecognized winsock error 10061
2015-01-15 11:05:10 CET LOG:  no se pudo recibir datos del cliente: unrecognized winsock error 10061
2015-01-15 11:08:21 CET LOG:  no se pudo recibir datos del cliente: unrecognized winsock error 10061
2015-01-15 11:12:25 CET ERROR:  el valor es demasiado largo para el tipo character(100)
2015-01-15 11:12:25 CET SENTENCIA:  update registros set fec_ent='15/01/2015 0:00:00', id_cte=3, id_titular=5, seccion_int='GESTASER', seccion='Veh√≠culos', t_tramite='Matriculaci√≥n', matricula='BBD-4487', estado='PTE. GESTOR√çA', factura='2', fec_fra='15/01/2015 0:00:00', observacion='', honorarios='20.68', p_iva='21', tasa='67.12', exp_tl='', fec_pre_exp='15/01/2015 0:00:00', et_tasa='123456789012', t_tasa='1.1', cambio_serv='', bate_ant='', nif='', dcho_col='10.56', t_cte_fra='C', et_tasa2='987654321123', t_tasa2='1.3', et_tasa3='0', t_tasa3='', et_tasa4='0', t_tasa4='', descripcion='Veh√≠culos - Matriculaci√≥n - BBD-4487 - Seat Leon 2.0TDI 130cv rojo - Abdon Lucas Moura - Consulta telef√≥nica si ten√≠a algun embargo.', ruta_pdf='', vehiculo='Seat Leon 2.0TDI 130cv rojo' where delegacion='Y' and n_reg=3
2015-01-15 11:14:51 CET LOG:  no se pudo recibir datos del cliente: unrecognized winsock error 10061
2015-01-15 11:16:31 CET LOG:  no se pudo recibir datos del cliente: unrecognized winsock error 10061
2015-01-15 11:17:27 CET LOG:  no se pudo recibir datos del cliente: unrecognized winsock error 10061
2015-01-15 11:17:27 CET LOG:  no se pudo recibir datos del cliente: unrecognized winsock error 10061
2015-01-15 11:18:20 CET LOG:  no se pudo recibir datos del cliente: unrecognized winsock error 10061
2015-01-15 11:22:50 CET LOG:  no se pudo recibir datos del cliente: unrecognized winsock error 10061
2015-01-15 11:23:57 CET LOG:  no se pudo recibir datos del cliente: unrecognized winsock error 10061
2015-01-15 11:28:47 CET LOG:  no se pudo recibir datos del cliente: unrecognized winsock error 10061
2015-01-15 11:29:55 CET LOG:  no se pudo recibir datos del cliente: unrecognized winsock error 10061
2015-01-15 11:29:55 CET LOG:  no se pudo recibir datos del cliente: unrecognized winsock error 10061
2015-01-15 11:31:36 CET LOG:  no se pudo recibir datos del cliente: unrecognized winsock error 10061
2015-01-15 11:32:04 CET LOG:  no se pudo recibir datos del cliente: unrecognized winsock error 10061
2015-01-15 11:32:32 CET LOG:  no se pudo recibir datos del cliente: unrecognized winsock error 10061
2015-01-15 11:37:29 CET LOG:  no se pudo recibir datos del cliente: unrecognized winsock error 10061
2015-01-15 11:41:28 CET LOG:  no se pudo recibir datos del cliente: unrecognized winsock error 10061
2015-01-15 11:43:40 CET LOG:  no se pudo recibir datos del cliente: unrecognized winsock error 10061
2015-01-15 11:45:38 CET LOG:  no se pudo recibir datos del cliente: unrecognized winsock error 10061
2015-01-15 11:46:25 CET LOG:  no se pudo recibir datos del cliente: unrecognized winsock error 10061
2015-01-15 11:46:25 CET LOG:  no se pudo recibir datos del cliente: unrecognized winsock error 10061
2015-01-15 11:46:57 CET LOG:  no se pudo recibir datos del cliente: unrecognized winsock error 10061
2015-01-15 11:46:57 CET LOG:  no se pudo recibir datos del cliente: unrecognized winsock error 10061
2015-01-15 11:47:43 CET LOG:  no se pudo recibir datos del cliente: unrecognized winsock error 10061
2015-01-15 11:48:51 CET LOG:  no se pudo recibir datos del cliente: unrecognized winsock error 10061
2015-01-15 11:52:04 CET LOG:  no se pudo recibir datos del cliente: unrecognized winsock error 10061
2015-01-15 11:55:21 CET LOG:  no se pudo recibir datos del cliente: unrecognized winsock error 10061
2015-01-15 12:01:15 CET LOG:  no se pudo recibir datos del cliente: unrecognized winsock error 10061
2015-01-15 12:03:02 CET LOG:  no se pudo recibir datos del cliente: unrecognized winsock error 10061
2015-01-15 12:03:02 CET LOG:  no se pudo recibir datos del cliente: unrecognized winsock error 10061
2015-01-15 12:10:28 CET LOG:  no se pudo recibir datos del cliente: unrecognized winsock error 10061
2015-01-15 12:13:02 CET LOG:  no se pudo recibir datos del cliente: unrecognized winsock error 10061
2015-01-15 12:18:43 CET LOG:  no se pudo recibir datos del cliente: unrecognized winsock error 10061
2015-01-15 12:26:32 CET LOG:  no se pudo recibir datos del cliente: unrecognized winsock error 10061
2015-01-15 12:27:24 CET LOG:  no se pudo recibir datos del cliente: unrecognized winsock error 10061
2015-01-15 12:28:36 CET LOG:  no se pudo recibir datos del cliente: unrecognized winsock error 10061
2015-01-15 12:55:56 CET LOG:  no se pudo recibir datos del cliente: unrecognized winsock error 10061
2015-01-15 13:04:22 CET LOG:  no se pudo recibir datos del cliente: unrecognized winsock error 10061
2015-01-15 13:05:49 CET LOG:  no se pudo recibir datos del cliente: unrecognized winsock error 10061
2015-01-15 13:07:43 CET LOG:  no se pudo recibir datos del cliente: unrecognized winsock error 10061
2015-01-15 13:11:26 CET LOG:  no se pudo recibir datos del cliente: unrecognized winsock error 10061
2015-01-15 13:18:20 CET LOG:  no se pudo recibir datos del cliente: unrecognized winsock error 10061
2015-01-15 13:18:51 CET LOG:  no se pudo recibir datos del cliente: unrecognized winsock error 10061
2015-01-15 13:22:17 CET LOG:  se recibiÛ peticiÛn de apagado r·pido
2015-01-15 13:22:17 CET LOG:  abortando transacciones activas
2015-01-15 13:22:17 CET LOG:  apagando lanzador de autovacuum
2015-01-15 13:22:18 CET ERROR:  cancelando la sentencia debido a una peticiÛn del usuario
2015-01-15 13:22:19 CET LOG:  proceso escritor de WAL (PID 4792) fue terminado por una excepciÛn 0xC0000142
2015-01-15 13:22:19 CET HINT:  Vea el archivo ´ntstatus.hª para una descripciÛn del valor hexadecimal.
2015-01-15 13:22:19 CET LOG:  terminando todos los otros procesos de servidor activos
2015-01-15 13:22:19 CET WARNING:  terminando la conexiÛn debido a una falla en otro proceso servidor
2015-01-15 13:22:19 CET DETALLE:  Postmaster ha ordenado que este proceso servidor cancele la transacciÛn en curso y finalice la conexiÛn, porque otro proceso servidor ha terminado anormalmente y podrÌa haber corrompido la memoria compartida.
2015-01-15 13:22:19 CET HINT:  Dentro de un momento deberÌa poder reconectarse y repetir la consulta.
2015-01-15 13:22:20 CET LOG:  apagado anormal del sistema de bases de datos
