2015-04-06 20:56:52 CEST LOG:  el sistema de bases de datos fue interrumpido; última vez en funcionamiento en 2015-04-06 18:26:21 CEST
2015-04-06 20:56:53 CEST FATAL:  el sistema de base de datos está iniciándose
2015-04-06 20:56:53 CEST LOG:  el sistema de bases de datos no fue apagado apropiadamente; se está efectuando la recuperación automática
2015-04-06 20:56:53 CEST LOG:  record with zero length at 0/1ADA320
2015-04-06 20:56:53 CEST LOG:  no se requiere redo
2015-04-06 20:56:53 CEST LOG:  el sistema de bases de datos está listo para aceptar conexiones
2015-04-06 20:56:53 CEST LOG:  lanzador de autovacuum iniciado
2015-04-06 20:56:54 CEST FATAL:  no hay una línea en pg_hba.conf para «::1», usuario «PORTATIL_JA$», base de datos «postgres», SSL inactivo
2015-04-06 21:04:29 CEST LOG:  no se pudo recibir datos del cliente: unrecognized winsock error 10061
2015-04-06 21:04:29 CEST LOG:  el paquete de inicio está incompleto
2015-04-06 21:04:56 CEST LOG:  no se pudo recibir datos del cliente: unrecognized winsock error 10061
2015-04-06 21:12:57 CEST LOG:  no se pudo recibir datos del cliente: unrecognized winsock error 10061
2015-04-06 21:15:01 CEST LOG:  no se pudo recibir datos del cliente: unrecognized winsock error 10061
2015-04-06 21:15:01 CEST LOG:  no se pudo recibir datos del cliente: unrecognized winsock error 10061
2015-04-06 21:17:57 CEST LOG:  no se pudo recibir datos del cliente: unrecognized winsock error 10061
2015-04-06 21:17:57 CEST LOG:  no se pudo recibir datos del cliente: unrecognized winsock error 10061
2015-04-06 21:19:44 CEST LOG:  no se pudo recibir datos del cliente: unrecognized winsock error 10061
2015-04-06 21:19:44 CEST LOG:  no se pudo recibir datos del cliente: unrecognized winsock error 10061
2015-04-06 21:19:44 CEST LOG:  no se pudo recibir datos del cliente: unrecognized winsock error 10061
2015-04-06 21:23:20 CEST LOG:  no se pudo recibir datos del cliente: unrecognized winsock error 10061
2015-04-06 21:23:20 CEST LOG:  no se pudo recibir datos del cliente: unrecognized winsock error 10061
2015-04-06 21:23:20 CEST LOG:  no se pudo recibir datos del cliente: unrecognized winsock error 10061
2015-04-06 21:33:36 CEST LOG:  no se pudo recibir datos del cliente: unrecognized winsock error 10061
2015-04-06 21:33:36 CEST LOG:  no se pudo recibir datos del cliente: unrecognized winsock error 10061
2015-04-06 21:33:36 CEST LOG:  no se pudo recibir datos del cliente: unrecognized winsock error 10061
2015-04-06 21:34:08 CEST LOG:  no se pudo recibir datos del cliente: unrecognized winsock error 10061
2015-04-06 21:35:32 CEST LOG:  no se pudo recibir datos del cliente: unrecognized winsock error 10061
2015-04-06 21:37:47 CEST LOG:  no se pudo recibir datos del cliente: unrecognized winsock error 10061
2015-04-06 21:39:10 CEST LOG:  no se pudo recibir datos del cliente: unrecognized winsock error 10061
2015-04-06 21:39:10 CEST LOG:  no se pudo recibir datos del cliente: unrecognized winsock error 10061
