2015-04-09 10:06:28 CEST LOG:  el sistema de bases de datos fue interrumpido; última vez en funcionamiento en 2015-04-08 17:14:35 CEST
2015-04-09 10:06:28 CEST LOG:  el sistema de bases de datos no fue apagado apropiadamente; se está efectuando la recuperación automática
2015-04-09 10:06:28 CEST LOG:  no se pudo recibir datos del cliente: unrecognized winsock error 10061
2015-04-09 10:06:29 CEST LOG:  record with zero length at 0/1B57228
2015-04-09 10:06:29 CEST LOG:  no se requiere redo
2015-04-09 10:06:29 CEST FATAL:  el sistema de base de datos está iniciándose
2015-04-09 10:06:30 CEST LOG:  el sistema de bases de datos está listo para aceptar conexiones
2015-04-09 10:06:31 CEST FATAL:  el sistema de base de datos está iniciándose
2015-04-09 10:06:31 CEST LOG:  lanzador de autovacuum iniciado
2015-04-09 10:06:32 CEST FATAL:  no hay una línea en pg_hba.conf para «::1», usuario «PORTATIL_JA$», base de datos «postgres», SSL inactivo
2015-04-09 10:13:56 CEST LOG:  no se pudo recibir datos del cliente: unrecognized winsock error 10061
2015-04-09 10:13:56 CEST LOG:  no se pudo recibir datos del cliente: unrecognized winsock error 10061
2015-04-09 10:13:56 CEST LOG:  no se pudo recibir datos del cliente: unrecognized winsock error 10061
2015-04-09 10:17:59 CEST LOG:  no se pudo recibir datos del cliente: unrecognized winsock error 10061
2015-04-09 10:17:59 CEST LOG:  no se pudo recibir datos del cliente: unrecognized winsock error 10061
2015-04-09 10:17:59 CEST LOG:  no se pudo recibir datos del cliente: unrecognized winsock error 10061
2015-04-09 10:17:59 CEST LOG:  no se pudo recibir datos del cliente: unrecognized winsock error 10061
2015-04-09 10:17:59 CEST LOG:  no se pudo recibir datos del cliente: unrecognized winsock error 10061
2015-04-09 11:35:32 CEST LOG:  no se pudo recibir datos del cliente: unrecognized winsock error 10061
2015-04-09 11:35:32 CEST LOG:  no se pudo recibir datos del cliente: unrecognized winsock error 10061
2015-04-09 11:38:44 CEST LOG:  no se pudo recibir datos del cliente: unrecognized winsock error 10061
2015-04-09 12:20:54 CEST LOG:  no se pudo recibir datos del cliente: unrecognized winsock error 10061
2015-04-09 12:24:37 CEST LOG:  no se pudo recibir datos del cliente: unrecognized winsock error 10061
2015-04-09 12:32:11 CEST LOG:  se recibió petición de apagado rápido
2015-04-09 12:32:11 CEST LOG:  abortando transacciones activas
2015-04-09 12:32:11 CEST LOG:  apagando lanzador de autovacuum
2015-04-09 12:32:12 CEST ERROR:  cancelando la sentencia debido a una petición del usuario
2015-04-09 12:32:12 CEST ERROR:  cancelando la sentencia debido a una petición del usuario
2015-04-09 12:32:12 CEST ERROR:  cancelando la sentencia debido a una petición del usuario
2015-04-09 12:32:12 CEST ERROR:  cancelando la sentencia debido a una petición del usuario
2015-04-09 12:32:12 CEST ERROR:  cancelando la sentencia debido a una petición del usuario
2015-04-09 12:32:13 CEST LOG:  proceso escritor de WAL (PID 2148) fue terminado por una excepción 0xC0000142
2015-04-09 12:32:13 CEST HINT:  Vea el archivo «ntstatus.h» para una descripción del valor hexadecimal.
2015-04-09 12:32:13 CEST LOG:  terminando todos los otros procesos de servidor activos
2015-04-09 12:32:13 CEST WARNING:  terminando la conexión debido a una falla en otro proceso servidor
2015-04-09 12:32:13 CEST DETALLE:  Postmaster ha ordenado que este proceso servidor cancele la transacción en curso y finalice la conexión, porque otro proceso servidor ha terminado anormalmente y podría haber corrompido la memoria compartida.
2015-04-09 12:32:13 CEST HINT:  Dentro de un momento debería poder reconectarse y repetir la consulta.
2015-04-09 12:32:14 CEST LOG:  apagado anormal del sistema de bases de datos
