2014-12-29 15:59:03 CET LOG:  el sistema de bases de datos fue interrumpido; última vez en funcionamiento en 2014-12-28 23:12:32 CET
2014-12-29 15:59:03 CET FATAL:  el sistema de base de datos está iniciándose
2014-12-29 15:59:04 CET LOG:  el sistema de bases de datos no fue apagado apropiadamente; se está efectuando la recuperación automática
2014-12-29 15:59:04 CET LOG:  record with zero length at 0/17AE820
2014-12-29 15:59:04 CET LOG:  no se requiere redo
2014-12-29 15:59:04 CET LOG:  el sistema de bases de datos está listo para aceptar conexiones
2014-12-29 15:59:04 CET LOG:  lanzador de autovacuum iniciado
2014-12-29 16:43:12 CET LOG:  no se pudo recibir datos del cliente: unrecognized winsock error 10061
2014-12-29 16:44:52 CET LOG:  no se pudo recibir datos del cliente: unrecognized winsock error 10061
2014-12-29 18:04:57 CET LOG:  se recibió petición de apagado rápido
2014-12-29 18:04:57 CET LOG:  abortando transacciones activas
2014-12-29 18:04:57 CET LOG:  proceso escritor de WAL (PID 4248) fue terminado por una excepción 0xC0000142
2014-12-29 18:04:57 CET HINT:  Vea el archivo «ntstatus.h» para una descripción del valor hexadecimal.
2014-12-29 18:04:57 CET LOG:  terminando todos los otros procesos de servidor activos
2014-12-29 18:04:57 CET LOG:  apagando lanzador de autovacuum
2014-12-29 18:04:57 CET ERROR:  cancelando la sentencia debido a una petición del usuario
2014-12-29 18:05:01 CET WARNING:  terminando la conexión debido a una falla en otro proceso servidor
2014-12-29 18:05:01 CET DETALLE:  Postmaster ha ordenado que este proceso servidor cancele la transacción en curso y finalice la conexión, porque otro proceso servidor ha terminado anormalmente y podría haber corrompido la memoria compartida.
2014-12-29 18:05:01 CET HINT:  Dentro de un momento debería poder reconectarse y repetir la consulta.
2014-12-29 18:05:02 CET LOG:  apagado anormal del sistema de bases de datos
