2015-04-01 19:49:09 CEST LOG:  el sistema de bases de datos fue interrumpido; última vez en funcionamiento en 2015-04-01 17:22:38 CEST
2015-04-01 19:49:09 CEST FATAL:  el sistema de base de datos está iniciándose
2015-04-01 19:49:09 CEST LOG:  el sistema de bases de datos no fue apagado apropiadamente; se está efectuando la recuperación automática
2015-04-01 19:49:10 CEST LOG:  record with zero length at 0/1A76158
2015-04-01 19:49:10 CEST LOG:  no se requiere redo
2015-04-01 19:49:11 CEST FATAL:  el sistema de base de datos está iniciándose
2015-04-01 19:49:12 CEST LOG:  el sistema de bases de datos está listo para aceptar conexiones
2015-04-01 19:49:12 CEST FATAL:  el sistema de base de datos está iniciándose
2015-04-01 19:49:12 CEST LOG:  lanzador de autovacuum iniciado
2015-04-01 19:49:14 CEST FATAL:  no hay una línea en pg_hba.conf para «::1», usuario «PORTATIL_JA$», base de datos «postgres», SSL inactivo
2015-04-01 19:58:55 CEST LOG:  no se pudo recibir datos del cliente: unrecognized winsock error 10061
2015-04-01 20:00:45 CEST LOG:  no se pudo recibir datos del cliente: unrecognized winsock error 10061
2015-04-01 20:06:24 CEST LOG:  no se pudo recibir datos del cliente: unrecognized winsock error 10061
2015-04-01 20:06:24 CEST LOG:  no se pudo recibir datos del cliente: unrecognized winsock error 10061
2015-04-01 20:11:32 CEST LOG:  no se pudo recibir datos del cliente: unrecognized winsock error 10061
2015-04-01 20:11:32 CEST LOG:  no se pudo recibir datos del cliente: unrecognized winsock error 10061
2015-04-01 20:13:49 CEST LOG:  no se pudo recibir datos del cliente: unrecognized winsock error 10061
2015-04-01 20:13:49 CEST LOG:  no se pudo recibir datos del cliente: unrecognized winsock error 10061
2015-04-01 20:13:49 CEST LOG:  no se pudo recibir datos del cliente: unrecognized winsock error 10061
2015-04-01 20:13:49 CEST LOG:  no se pudo recibir datos del cliente: unrecognized winsock error 10061
2015-04-01 20:13:49 CEST LOG:  no se pudo recibir datos del cliente: unrecognized winsock error 10061
2015-04-01 20:13:49 CEST LOG:  no se pudo recibir datos del cliente: unrecognized winsock error 10061
2015-04-01 20:13:49 CEST LOG:  no se pudo recibir datos del cliente: unrecognized winsock error 10061
2015-04-01 20:13:49 CEST LOG:  no se pudo recibir datos del cliente: unrecognized winsock error 10061
2015-04-01 20:13:49 CEST LOG:  no se pudo recibir datos del cliente: unrecognized winsock error 10061
2015-04-01 20:14:32 CEST LOG:  no se pudo recibir datos del cliente: unrecognized winsock error 10061
2015-04-01 20:14:32 CEST LOG:  no se pudo recibir datos del cliente: unrecognized winsock error 10061
2015-04-01 20:16:15 CEST LOG:  no se pudo recibir datos del cliente: unrecognized winsock error 10061
2015-04-01 20:16:15 CEST LOG:  no se pudo recibir datos del cliente: unrecognized winsock error 10061
2015-04-01 20:18:04 CEST LOG:  no se pudo recibir datos del cliente: unrecognized winsock error 10061
2015-04-01 20:18:04 CEST LOG:  no se pudo recibir datos del cliente: unrecognized winsock error 10061
2015-04-01 20:21:42 CEST LOG:  no se pudo recibir datos del cliente: unrecognized winsock error 10061
2015-04-01 20:21:42 CEST LOG:  no se pudo recibir datos del cliente: unrecognized winsock error 10061
2015-04-01 20:21:42 CEST LOG:  no se pudo recibir datos del cliente: unrecognized winsock error 10061
2015-04-01 20:29:35 CEST LOG:  no se pudo recibir datos del cliente: unrecognized winsock error 10061
2015-04-01 20:29:35 CEST LOG:  no se pudo recibir datos del cliente: unrecognized winsock error 10061
2015-04-01 20:31:12 CEST LOG:  no se pudo recibir datos del cliente: unrecognized winsock error 10061
2015-04-01 20:31:12 CEST LOG:  no se pudo recibir datos del cliente: unrecognized winsock error 10061
2015-04-01 20:31:12 CEST LOG:  no se pudo recibir datos del cliente: unrecognized winsock error 10061
2015-04-01 20:31:12 CEST LOG:  no se pudo recibir datos del cliente: unrecognized winsock error 10061
2015-04-01 20:31:12 CEST LOG:  no se pudo recibir datos del cliente: unrecognized winsock error 10061
2015-04-01 20:31:12 CEST LOG:  no se pudo recibir datos del cliente: unrecognized winsock error 10061
2015-04-01 20:31:12 CEST LOG:  no se pudo recibir datos del cliente: unrecognized winsock error 10061
2015-04-01 20:31:12 CEST LOG:  no se pudo recibir datos del cliente: unrecognized winsock error 10061
2015-04-01 20:31:12 CEST LOG:  no se pudo recibir datos del cliente: unrecognized winsock error 10061
2015-04-01 20:31:12 CEST LOG:  no se pudo recibir datos del cliente: unrecognized winsock error 10061
2015-04-01 20:33:12 CEST LOG:  no se pudo recibir datos del cliente: unrecognized winsock error 10061
2015-04-01 20:33:12 CEST LOG:  no se pudo recibir datos del cliente: unrecognized winsock error 10061
2015-04-01 20:34:14 CEST LOG:  no se pudo recibir datos del cliente: unrecognized winsock error 10061
2015-04-01 20:34:14 CEST LOG:  no se pudo recibir datos del cliente: unrecognized winsock error 10061
2015-04-01 20:34:14 CEST LOG:  no se pudo recibir datos del cliente: unrecognized winsock error 10061
2015-04-01 20:34:14 CEST LOG:  no se pudo recibir datos del cliente: unrecognized winsock error 10061
2015-04-01 20:34:14 CEST LOG:  no se pudo recibir datos del cliente: unrecognized winsock error 10061
2015-04-01 20:40:05 CEST LOG:  no se pudo recibir datos del cliente: unrecognized winsock error 10061
2015-04-01 20:40:05 CEST LOG:  no se pudo recibir datos del cliente: unrecognized winsock error 10061
2015-04-01 20:40:05 CEST LOG:  no se pudo recibir datos del cliente: unrecognized winsock error 10061
2015-04-01 20:40:05 CEST LOG:  no se pudo recibir datos del cliente: unrecognized winsock error 10061
2015-04-01 20:43:34 CEST LOG:  no se pudo recibir datos del cliente: unrecognized winsock error 10061
2015-04-01 20:43:34 CEST LOG:  no se pudo recibir datos del cliente: unrecognized winsock error 10061
2015-04-01 20:44:30 CEST LOG:  no se pudo recibir datos del cliente: unrecognized winsock error 10061
2015-04-01 20:46:34 CEST LOG:  no se pudo recibir datos del cliente: unrecognized winsock error 10061
2015-04-01 20:48:47 CEST LOG:  no se pudo recibir datos del cliente: unrecognized winsock error 10061
2015-04-01 20:48:47 CEST LOG:  no se pudo recibir datos del cliente: unrecognized winsock error 10061
2015-04-01 20:48:47 CEST LOG:  no se pudo recibir datos del cliente: unrecognized winsock error 10061
2015-04-01 20:48:47 CEST LOG:  no se pudo recibir datos del cliente: unrecognized winsock error 10061
2015-04-01 20:52:06 CEST LOG:  no se pudo recibir datos del cliente: unrecognized winsock error 10061
2015-04-01 20:53:09 CEST LOG:  no se pudo recibir datos del cliente: unrecognized winsock error 10061
2015-04-01 20:53:38 CEST LOG:  no se pudo recibir datos del cliente: unrecognized winsock error 10061
2015-04-01 20:53:39 CEST LOG:  no se pudo recibir datos del cliente: unrecognized winsock error 10061
2015-04-01 20:54:12 CEST LOG:  no se pudo recibir datos del cliente: unrecognized winsock error 10061
2015-04-01 20:54:12 CEST LOG:  no se pudo recibir datos del cliente: unrecognized winsock error 10061
2015-04-01 20:55:00 CEST LOG:  proceso escritor de WAL (PID 2332) fue terminado por una excepción 0xC0000142
2015-04-01 20:55:00 CEST HINT:  Vea el archivo «ntstatus.h» para una descripción del valor hexadecimal.
2015-04-01 20:55:01 CEST LOG:  terminando todos los otros procesos de servidor activos
2015-04-01 20:55:01 CEST LOG:  se recibió petición de apagado rápido
2015-04-01 20:55:01 CEST LOG:  abortando transacciones activas
2015-04-01 20:55:01 CEST WARNING:  terminando la conexión debido a una falla en otro proceso servidor
2015-04-01 20:55:01 CEST DETALLE:  Postmaster ha ordenado que este proceso servidor cancele la transacción en curso y finalice la conexión, porque otro proceso servidor ha terminado anormalmente y podría haber corrompido la memoria compartida.
2015-04-01 20:55:01 CEST HINT:  Dentro de un momento debería poder reconectarse y repetir la consulta.
2015-04-01 20:55:04 CEST LOG:  apagado anormal del sistema de bases de datos
