2015-01-21 16:11:20 CET LOG:  el sistema de bases de datos fue interrumpido; última vez en funcionamiento en 2015-01-21 13:19:51 CET
2015-01-21 16:11:20 CET LOG:  el sistema de bases de datos no fue apagado apropiadamente; se está efectuando la recuperación automática
2015-01-21 16:11:20 CET LOG:  record with zero length at 0/1979E18
2015-01-21 16:11:20 CET LOG:  no se requiere redo
2015-01-21 16:11:20 CET LOG:  el sistema de bases de datos está listo para aceptar conexiones
2015-01-21 16:11:21 CET LOG:  lanzador de autovacuum iniciado
2015-01-21 16:40:32 CET LOG:  no se pudo recibir datos del cliente: unrecognized winsock error 10061
2015-01-21 16:53:26 CET LOG:  no se pudo recibir datos del cliente: unrecognized winsock error 10061
2015-01-21 16:53:26 CET LOG:  no se pudo recibir datos del cliente: unrecognized winsock error 10061
2015-01-21 16:57:47 CET LOG:  el paquete de inicio está incompleto
2015-01-21 17:07:16 CET LOG:  no se pudo recibir datos del cliente: unrecognized winsock error 10061
2015-01-21 17:07:16 CET LOG:  no se pudo recibir datos del cliente: unrecognized winsock error 10061
2015-01-21 17:28:13 CET LOG:  no se pudo recibir datos del cliente: unrecognized winsock error 10061
2015-01-21 17:34:52 CET LOG:  no se pudo recibir datos del cliente: unrecognized winsock error 10061
2015-01-21 17:46:38 CET LOG:  se recibió petición de apagado rápido
2015-01-21 17:46:38 CET LOG:  abortando transacciones activas
2015-01-21 17:46:38 CET LOG:  apagando lanzador de autovacuum
2015-01-21 17:46:38 CET ERROR:  cancelando la sentencia debido a una petición del usuario
2015-01-21 17:46:38 CET ERROR:  cancelando la sentencia debido a una petición del usuario
2015-01-21 17:46:40 CET LOG:  apagando lanzador de autovacuum
2015-01-21 17:46:41 CET LOG:  proceso escritor de WAL (PID 2280) fue terminado por una excepción 0xC0000142
2015-01-21 17:46:41 CET HINT:  Vea el archivo «ntstatus.h» para una descripción del valor hexadecimal.
2015-01-21 17:46:41 CET LOG:  terminando todos los otros procesos de servidor activos
2015-01-21 17:46:42 CET LOG:  apagado anormal del sistema de bases de datos
