2015-03-24 19:00:36 CET LOG:  el sistema de bases de datos fue interrumpido; última vez en funcionamiento en 2015-03-24 12:02:35 CET
2015-03-24 19:00:36 CET FATAL:  el sistema de base de datos está iniciándose
2015-03-24 19:00:36 CET LOG:  el sistema de bases de datos no fue apagado apropiadamente; se está efectuando la recuperación automática
2015-03-24 19:00:36 CET LOG:  record with zero length at 0/1991240
2015-03-24 19:00:36 CET LOG:  no se requiere redo
2015-03-24 19:00:36 CET LOG:  el sistema de bases de datos está listo para aceptar conexiones
2015-03-24 19:00:37 CET LOG:  lanzador de autovacuum iniciado
2015-03-24 19:00:37 CET FATAL:  no hay una línea en pg_hba.conf para «::1», usuario «PORTATIL_JA$», base de datos «postgres», SSL inactivo
2015-03-24 19:10:49 CET WARNING:  pgstat wait timeout
2015-03-24 19:10:50 CET LOG:  no se pudo cambiar el nombre al archivo temporal de estadísticas de «pg_stat_tmp/global.tmp» a «pg_stat_tmp/global.stat»: Permission denied
2015-03-24 19:11:00 CET LOG:  no se pudo cambiar el nombre al archivo temporal de estadísticas de «pg_stat_tmp/global.tmp» a «pg_stat_tmp/global.stat»: Permission denied
2015-03-24 19:11:10 CET LOG:  no se pudo cambiar el nombre al archivo temporal de estadísticas de «pg_stat_tmp/global.tmp» a «pg_stat_tmp/global.stat»: Permission denied
2015-03-24 20:30:30 CET LOG:  se recibió petición de apagado rápido
2015-03-24 20:30:30 CET LOG:  abortando transacciones activas
2015-03-24 20:30:30 CET LOG:  proceso escritor de WAL (PID 5176) fue terminado por una excepción 0xC0000142
2015-03-24 20:30:30 CET HINT:  Vea el archivo «ntstatus.h» para una descripción del valor hexadecimal.
2015-03-24 20:30:30 CET LOG:  terminando todos los otros procesos de servidor activos
2015-03-24 20:30:31 CET LOG:  apagando lanzador de autovacuum
2015-03-24 20:30:31 CET WARNING:  terminando la conexión debido a una falla en otro proceso servidor
2015-03-24 20:30:32 CET DETALLE:  Postmaster ha ordenado que este proceso servidor cancele la transacción en curso y finalice la conexión, porque otro proceso servidor ha terminado anormalmente y podría haber corrompido la memoria compartida.
2015-03-24 20:30:32 CET HINT:  Dentro de un momento debería poder reconectarse y repetir la consulta.
2015-03-24 20:30:33 CET LOG:  apagado anormal del sistema de bases de datos
