2015-04-14 19:46:42 CEST FATAL:  el sistema de base de datos está iniciándose
2015-04-14 19:46:42 CEST LOG:  el sistema de bases de datos fue interrumpido; última vez en funcionamiento en 2015-04-13 20:44:11 CEST
2015-04-14 19:46:42 CEST LOG:  el sistema de bases de datos no fue apagado apropiadamente; se está efectuando la recuperación automática
2015-04-14 19:46:43 CEST LOG:  record with zero length at 0/1B5E440
2015-04-14 19:46:43 CEST LOG:  no se requiere redo
2015-04-14 19:46:43 CEST FATAL:  el sistema de base de datos está iniciándose
2015-04-14 19:46:44 CEST LOG:  el sistema de bases de datos está listo para aceptar conexiones
2015-04-14 19:46:44 CEST LOG:  lanzador de autovacuum iniciado
2015-04-14 19:46:44 CEST FATAL:  no hay una línea en pg_hba.conf para «::1», usuario «PORTATIL_JA$», base de datos «postgres», SSL inactivo
2015-04-14 21:16:08 CEST ERROR:  cancelando la sentencia debido a una petición del usuario
2015-04-14 21:16:10 CEST ERROR:  cancelando la sentencia debido a una petición del usuario
2015-04-14 21:16:10 CEST ERROR:  cancelando la sentencia debido a una petición del usuario
2015-04-14 21:16:10 CEST ERROR:  cancelando la sentencia debido a una petición del usuario
2015-04-14 21:16:10 CEST ERROR:  cancelando la sentencia debido a una petición del usuario
2015-04-14 21:16:10 CEST ERROR:  cancelando la sentencia debido a una petición del usuario
2015-04-14 21:16:10 CEST LOG:  se recibió petición de apagado rápido
2015-04-14 21:16:10 CEST LOG:  abortando transacciones activas
2015-04-14 21:16:10 CEST LOG:  apagando lanzador de autovacuum
2015-04-14 21:16:10 CEST LOG:  apagando
2015-04-14 21:16:13 CEST LOG:  el sistema de bases de datos está apagado
