2015-05-21 13:42:18 CEST LOG:  el sistema de bases de datos fue interrumpido; última vez en funcionamiento en 2015-05-21 11:14:28 CEST
2015-05-21 13:42:18 CEST FATAL:  el sistema de base de datos está iniciándose
2015-05-21 13:42:18 CEST LOG:  el sistema de bases de datos no fue apagado apropiadamente; se está efectuando la recuperación automática
2015-05-21 13:42:19 CEST LOG:  record with zero length at 0/27A0DF0
2015-05-21 13:42:19 CEST LOG:  no se requiere redo
2015-05-21 13:42:19 CEST FATAL:  el sistema de base de datos está iniciándose
2015-05-21 13:42:19 CEST LOG:  el sistema de bases de datos está listo para aceptar conexiones
2015-05-21 13:42:19 CEST LOG:  lanzador de autovacuum iniciado
2015-05-21 13:42:21 CEST FATAL:  no hay una línea en pg_hba.conf para «::1», usuario «PORTATIL_JA$», base de datos «postgres», SSL inactivo
2015-05-21 13:51:53 CEST ERROR:  cancelando la sentencia debido a una petición del usuario
2015-05-21 13:51:54 CEST ERROR:  cancelando la sentencia debido a una petición del usuario
2015-05-21 13:51:54 CEST ERROR:  cancelando la sentencia debido a una petición del usuario
2015-05-21 13:51:54 CEST ERROR:  cancelando la sentencia debido a una petición del usuario
2015-05-21 13:51:54 CEST ERROR:  cancelando la sentencia debido a una petición del usuario
2015-05-21 13:51:54 CEST ERROR:  cancelando la sentencia debido a una petición del usuario
2015-05-21 13:51:55 CEST LOG:  se recibió petición de apagado rápido
2015-05-21 13:51:55 CEST LOG:  abortando transacciones activas
2015-05-21 13:51:55 CEST LOG:  apagando lanzador de autovacuum
2015-05-21 13:51:57 CEST LOG:  apagando
2015-05-21 13:52:02 CEST LOG:  el sistema de bases de datos está apagado
