2015-04-13 10:05:05 CEST LOG:  el sistema de bases de datos fue interrumpido; última vez en funcionamiento en 2015-04-10 19:18:10 CEST
2015-04-13 10:05:05 CEST LOG:  el sistema de bases de datos no fue apagado apropiadamente; se está efectuando la recuperación automática
2015-04-13 10:05:06 CEST FATAL:  el sistema de base de datos está iniciándose
2015-04-13 10:05:06 CEST LOG:  record with zero length at 0/1B5E370
2015-04-13 10:05:06 CEST LOG:  no se requiere redo
2015-04-13 10:05:07 CEST FATAL:  el sistema de base de datos está iniciándose
2015-04-13 10:05:08 CEST LOG:  el sistema de bases de datos está listo para aceptar conexiones
2015-04-13 10:05:09 CEST LOG:  lanzador de autovacuum iniciado
2015-04-13 10:05:10 CEST FATAL:  no hay una línea en pg_hba.conf para «::1», usuario «PORTATIL_JA$», base de datos «postgres», SSL inactivo
2015-04-13 10:17:54 CEST LOG:  no se pudo recibir datos del cliente: unrecognized winsock error 10061
2015-04-13 10:20:05 CEST LOG:  no se pudo recibir datos del cliente: unrecognized winsock error 10061
2015-04-13 10:21:34 CEST LOG:  no se pudo recibir datos del cliente: unrecognized winsock error 10061
2015-04-13 10:21:55 CEST LOG:  no se pudo recibir datos del cliente: unrecognized winsock error 10061
2015-04-13 10:22:58 CEST LOG:  no se pudo recibir datos del cliente: unrecognized winsock error 10061
2015-04-13 10:25:04 CEST LOG:  no se pudo recibir datos del cliente: unrecognized winsock error 10061
2015-04-13 10:25:47 CEST LOG:  no se pudo recibir datos del cliente: unrecognized winsock error 10061
2015-04-13 10:57:20 CEST LOG:  no se pudo recibir datos del cliente: unrecognized winsock error 10061
2015-04-13 13:54:00 CEST LOG:  se recibió petición de apagado rápido
2015-04-13 13:54:01 CEST LOG:  abortando transacciones activas
2015-04-13 13:54:01 CEST LOG:  apagando lanzador de autovacuum
2015-04-13 13:54:01 CEST ERROR:  cancelando la sentencia debido a una petición del usuario
2015-04-13 13:54:02 CEST ERROR:  cancelando la sentencia debido a una petición del usuario
2015-04-13 13:54:02 CEST ERROR:  cancelando la sentencia debido a una petición del usuario
2015-04-13 13:54:02 CEST ERROR:  cancelando la sentencia debido a una petición del usuario
2015-04-13 13:54:02 CEST ERROR:  cancelando la sentencia debido a una petición del usuario
2015-04-13 13:54:03 CEST LOG:  apagando lanzador de autovacuum
2015-04-13 13:54:03 CEST LOG:  proceso escritor de WAL (PID 4728) fue terminado por una excepción 0xC0000142
2015-04-13 13:54:03 CEST HINT:  Vea el archivo «ntstatus.h» para una descripción del valor hexadecimal.
2015-04-13 13:54:03 CEST LOG:  terminando todos los otros procesos de servidor activos
2015-04-13 13:54:04 CEST LOG:  apagado anormal del sistema de bases de datos
